2023-08-06 02:30:31.516517 - Initialized conversion of CBT253
2023-08-06 02:30:34.061761 - Received CBT.V505.FILE253.PDS from FILE253.XMI 
2023-08-06 02:30:34.063970 - Found $$$#DATE.txt (text/plain) in CBT.V505.FILE253.PDS, moved to PDS/$$$#DATE
2023-08-06 02:30:34.065216 - Found $$$DOC.txt (text/plain) in CBT.V505.FILE253.PDS, moved to PDS/$$$DOC
2023-08-06 02:30:34.066155 - Found $#DOC.txt (text/plain) in CBT.V505.FILE253.PDS, moved to PDS/$#DOC
2023-08-06 02:30:34.067121 - Found $CCFASMB.rexx (text/plain) in CBT.V505.FILE253.PDS, moved to PDS/$CCFASMB
2023-08-06 02:30:34.068034 - Found $CCFASMC.rexx (text/plain) in CBT.V505.FILE253.PDS, moved to PDS/$CCFASMC
2023-08-06 02:30:34.068910 - Found $CCFDB2B.rexx (text/plain) in CBT.V505.FILE253.PDS, moved to PDS/$CCFDB2B
2023-08-06 02:30:34.069862 - Found $CCFDB2C.rexx (text/plain) in CBT.V505.FILE253.PDS, moved to PDS/$CCFDB2C
2023-08-06 02:30:34.070760 - Found $CCFDB2P.rexx (text/plain) in CBT.V505.FILE253.PDS, moved to PDS/$CCFDB2P
2023-08-06 02:30:34.071610 - Found @DRERPRF.rexx (text/plain) in CBT.V505.FILE253.PDS, moved to PDS/@DRERPRF
2023-08-06 02:30:34.072417 - Found @EDITPDS.rexx (text/plain) in CBT.V505.FILE253.PDS, moved to PDS/@EDITPDS
2023-08-06 02:30:34.073284 - Found @FILE253.txt (text/plain) in CBT.V505.FILE253.PDS, moved to PDS/@FILE253
2023-08-06 02:30:34.074292 - Found @LBROWSE.rexx (text/plain) in CBT.V505.FILE253.PDS, moved to PDS/@LBROWSE
2023-08-06 02:30:34.075206 - Found @LIBEPRF.rexx (text/plain) in CBT.V505.FILE253.PDS, moved to PDS/@LIBEPRF
2023-08-06 02:30:34.076050 - Found @LISTALC.rexx (text/plain) in CBT.V505.FILE253.PDS, moved to PDS/@LISTALC
2023-08-06 02:30:34.076858 - Found @LOGPROF.rexx (text/plain) in CBT.V505.FILE253.PDS, moved to PDS/@LOGPROF
2023-08-06 02:30:34.077758 - Found @LOGPRSV.rexx (text/plain) in CBT.V505.FILE253.PDS, moved to PDS/@LOGPRSV
2023-08-06 02:30:34.078631 - Found @PROFILE.rexx (text/plain) in CBT.V505.FILE253.PDS, moved to PDS/@PROFILE
2023-08-06 02:30:34.079480 - Found @UTBLMNT.rexx (text/plain) in CBT.V505.FILE253.PDS, moved to PDS/@UTBLMNT
2023-08-06 02:30:34.080308 - Found @UWTRMNT.rexx (text/plain) in CBT.V505.FILE253.PDS, moved to PDS/@UWTRMNT
2023-08-06 02:30:34.081178 - Found ABRTLMS.rexx (text/plain) in CBT.V505.FILE253.PDS, moved to PDS/ABRTLMS
2023-08-06 02:30:34.082261 - Found ADDMEMB.rexx (text/plain) in CBT.V505.FILE253.PDS, moved to PDS/ADDMEMB
2023-08-06 02:30:34.083199 - Found ALIASGEN.rexx (text/plain) in CBT.V505.FILE253.PDS, moved to PDS/ALIASGEN
2023-08-06 02:30:34.084080 - Found BACKSCHD.rexx (text/plain) in CBT.V505.FILE253.PDS, moved to PDS/BACKSCHD
2023-08-06 02:30:34.085055 - Found BKSTAT.rexx (text/plain) in CBT.V505.FILE253.PDS, moved to PDS/BKSTAT
2023-08-06 02:30:34.086183 - Found BLDCJCL.rexx (text/plain) in CBT.V505.FILE253.PDS, moved to PDS/BLDCJCL
2023-08-06 02:30:34.087370 - Found BLDCOPY.rexx (text/plain) in CBT.V505.FILE253.PDS, moved to PDS/BLDCOPY
2023-08-06 02:30:34.088277 - Found BLKSIZE.rexx (text/plain) in CBT.V505.FILE253.PDS, moved to PDS/BLKSIZE
2023-08-06 02:30:34.089389 - Found BMANB.txt (text/plain) in CBT.V505.FILE253.PDS, moved to PDS/BMANB
2023-08-06 02:30:34.090247 - Found BMANC.txt (text/plain) in CBT.V505.FILE253.PDS, moved to PDS/BMANC
2023-08-06 02:30:34.091089 - Found BMANE.txt (text/plain) in CBT.V505.FILE253.PDS, moved to PDS/BMANE
2023-08-06 02:30:34.091949 - Found BMANI.txt (text/plain) in CBT.V505.FILE253.PDS, moved to PDS/BMANI
2023-08-06 02:30:34.092783 - Found BMANJ.txt (text/plain) in CBT.V505.FILE253.PDS, moved to PDS/BMANJ
2023-08-06 02:30:34.093727 - Found BMANV.txt (text/plain) in CBT.V505.FILE253.PDS, moved to PDS/BMANV
2023-08-06 02:30:34.095158 - Found BMCDB2.txt (text/plain) in CBT.V505.FILE253.PDS, moved to PDS/BMCDB2
2023-08-06 02:30:34.096218 - Found BMCDB2PR.txt (text/plain) in CBT.V505.FILE253.PDS, moved to PDS/BMCDB2PR
2023-08-06 02:30:34.097233 - Found BULDCMDS.rexx (text/plain) in CBT.V505.FILE253.PDS, moved to PDS/BULDCMDS
2023-08-06 02:30:34.098276 - Found CAICLS02.rexx (text/plain) in CBT.V505.FILE253.PDS, moved to PDS/CAICLS02
2023-08-06 02:30:34.099185 - Found CARTSALL.txt (text/plain) in CBT.V505.FILE253.PDS, moved to PDS/CARTSALL
2023-08-06 02:30:34.100019 - Found CARTSFRE.txt (text/plain) in CBT.V505.FILE253.PDS, moved to PDS/CARTSFRE
2023-08-06 02:30:34.100837 - Found CARTSSUB.txt (text/plain) in CBT.V505.FILE253.PDS, moved to PDS/CARTSSUB
2023-08-06 02:30:34.101732 - Found CARTSTS.txt (text/plain) in CBT.V505.FILE253.PDS, moved to PDS/CARTSTS
2023-08-06 02:30:34.102785 - Found CCFBKOUT.rexx (text/plain) in CBT.V505.FILE253.PDS, moved to PDS/CCFBKOUT
2023-08-06 02:30:34.103788 - Found CCFBMSLM.rexx (text/plain) in CBT.V505.FILE253.PDS, moved to PDS/CCFBMSLM
2023-08-06 02:30:34.104644 - Found CCFCOBCK.rexx (text/plain) in CBT.V505.FILE253.PDS, moved to PDS/CCFCOBCK
2023-08-06 02:30:34.105506 - Found CCFDYLDQ.rexx (text/plain) in CBT.V505.FILE253.PDS, moved to PDS/CCFDYLDQ
2023-08-06 02:30:34.106432 - Found CCFEMRGP.rexx (text/plain) in CBT.V505.FILE253.PDS, moved to PDS/CCFEMRGP
2023-08-06 02:30:34.107340 - Found CCFJRNAL.rexx (text/plain) in CBT.V505.FILE253.PDS, moved to PDS/CCFJRNAL
2023-08-06 02:30:34.108161 - Found CCFLOADL.rexx (text/plain) in CBT.V505.FILE253.PDS, moved to PDS/CCFLOADL
2023-08-06 02:30:34.109007 - Found CCFMEMBP.rexx (text/plain) in CBT.V505.FILE253.PDS, moved to PDS/CCFMEMBP
2023-08-06 02:30:34.109875 - Found CCFPROCP.rexx (text/plain) in CBT.V505.FILE253.PDS, moved to PDS/CCFPROCP
2023-08-06 02:30:34.110680 - Found CCFQACIC.rexx (text/plain) in CBT.V505.FILE253.PDS, moved to PDS/CCFQACIC
2023-08-06 02:30:34.111529 - Found CCFQACOB.rexx (text/plain) in CBT.V505.FILE253.PDS, moved to PDS/CCFQACOB
2023-08-06 02:30:34.112351 - Found CCFQADB2.rexx (text/plain) in CBT.V505.FILE253.PDS, moved to PDS/CCFQADB2
2023-08-06 02:30:34.113306 - Found CCFQADYL.rexx (text/plain) in CBT.V505.FILE253.PDS, moved to PDS/CCFQADYL
2023-08-06 02:30:34.114328 - Found CCFQASMB.rexx (text/plain) in CBT.V505.FILE253.PDS, moved to PDS/CCFQASMB
2023-08-06 02:30:34.115315 - Found CCFQDYL.rexx (text/plain) in CBT.V505.FILE253.PDS, moved to PDS/CCFQDYL
2023-08-06 02:30:34.116249 - Found CCFQREXX.rexx (text/plain) in CBT.V505.FILE253.PDS, moved to PDS/CCFQREXX
2023-08-06 02:30:34.117123 - Found CCFRARCH.rexx (text/plain) in CBT.V505.FILE253.PDS, moved to PDS/CCFRARCH
2023-08-06 02:30:34.118088 - Found CCFRMEMB.rexx (text/plain) in CBT.V505.FILE253.PDS, moved to PDS/CCFRMEMB
2023-08-06 02:30:34.119018 - Found CCFSCAN.rexx (text/plain) in CBT.V505.FILE253.PDS, moved to PDS/CCFSCAN
2023-08-06 02:30:34.119982 - Found CCMERG.rexx (text/plain) in CBT.V505.FILE253.PDS, moved to PDS/CCMERG
2023-08-06 02:30:34.120828 - Found CCPROC.rexx (text/plain) in CBT.V505.FILE253.PDS, moved to PDS/CCPROC
2023-08-06 02:30:34.121695 - Found CDRSCICS.rexx (text/plain) in CBT.V505.FILE253.PDS, moved to PDS/CDRSCICS
2023-08-06 02:30:34.122547 - Found CICDMPPR.rexx (text/plain) in CBT.V505.FILE253.PDS, moved to PDS/CICDMPPR
2023-08-06 02:30:34.123564 - Found CMCPE.txt (text/plain) in CBT.V505.FILE253.PDS, moved to PDS/CMCPE
2023-08-06 02:30:34.124404 - Found COBCOMPB.rexx (text/plain) in CBT.V505.FILE253.PDS, moved to PDS/COBCOMPB
2023-08-06 02:30:34.125243 - Found COBCOMPC.rexx (text/plain) in CBT.V505.FILE253.PDS, moved to PDS/COBCOMPC
2023-08-06 02:30:34.126099 - Found CONTROLB.txt (text/plain) in CBT.V505.FILE253.PDS, moved to PDS/CONTROLB
2023-08-06 02:30:34.126917 - Found COPYXRFZ.rexx (text/plain) in CBT.V505.FILE253.PDS, moved to PDS/COPYXRFZ
2023-08-06 02:30:34.127763 - Found CPLANAPF.rexx (text/plain) in CBT.V505.FILE253.PDS, moved to PDS/CPLANAPF
2023-08-06 02:30:34.128596 - Found CPLANTMN.rexx (text/plain) in CBT.V505.FILE253.PDS, moved to PDS/CPLANTMN
2023-08-06 02:30:34.129487 - Found CPMERG.rexx (text/plain) in CBT.V505.FILE253.PDS, moved to PDS/CPMERG
2023-08-06 02:30:34.130391 - Found CSDSCAN.rexx (text/plain) in CBT.V505.FILE253.PDS, moved to PDS/CSDSCAN
2023-08-06 02:30:34.131379 - Found CTBISPFB.txt (text/plain) in CBT.V505.FILE253.PDS, moved to PDS/CTBISPFB
2023-08-06 02:30:34.132311 - Found CTBISPFC.txt (text/plain) in CBT.V505.FILE253.PDS, moved to PDS/CTBISPFC
2023-08-06 02:30:34.133281 - Found CTBISPFE.txt (text/plain) in CBT.V505.FILE253.PDS, moved to PDS/CTBISPFE
2023-08-06 02:30:34.134275 - Found CTBISPFI.txt (text/plain) in CBT.V505.FILE253.PDS, moved to PDS/CTBISPFI
2023-08-06 02:30:34.135158 - Found CTBISPFJ.txt (text/plain) in CBT.V505.FILE253.PDS, moved to PDS/CTBISPFJ
2023-08-06 02:30:34.136003 - Found CTBISPFV.txt (text/plain) in CBT.V505.FILE253.PDS, moved to PDS/CTBISPFV
2023-08-06 02:30:34.136956 - Found CTBXTSOB.txt (text/plain) in CBT.V505.FILE253.PDS, moved to PDS/CTBXTSOB
2023-08-06 02:30:34.137838 - Found CTBXTSOC.txt (text/plain) in CBT.V505.FILE253.PDS, moved to PDS/CTBXTSOC
2023-08-06 02:30:34.138754 - Found CTBXTSOE.txt (text/plain) in CBT.V505.FILE253.PDS, moved to PDS/CTBXTSOE
2023-08-06 02:30:34.139698 - Found CTBXTSOI.txt (text/plain) in CBT.V505.FILE253.PDS, moved to PDS/CTBXTSOI
2023-08-06 02:30:34.140617 - Found CTBXTSOJ.txt (text/plain) in CBT.V505.FILE253.PDS, moved to PDS/CTBXTSOJ
2023-08-06 02:30:34.141604 - Found CTBXTSOV.txt (text/plain) in CBT.V505.FILE253.PDS, moved to PDS/CTBXTSOV
2023-08-06 02:30:34.142515 - Found CTDBKPRQ.txt (text/plain) in CBT.V505.FILE253.PDS, moved to PDS/CTDBKPRQ
2023-08-06 02:30:34.143372 - Found CTDCCND.txt (text/plain) in CBT.V505.FILE253.PDS, moved to PDS/CTDCCND
2023-08-06 02:30:34.144169 - Found CTDCREPS.txt (text/plain) in CBT.V505.FILE253.PDS, moved to PDS/CTDCREPS
2023-08-06 02:30:34.145023 - Found CTDCRMIS.txt (text/plain) in CBT.V505.FILE253.PDS, moved to PDS/CTDCRMIS
2023-08-06 02:30:34.145926 - Found CTDIOLV.txt (text/plain) in CBT.V505.FILE253.PDS, moved to PDS/CTDIOLV
2023-08-06 02:30:34.146806 - Found CTDISPF.txt (text/plain) in CBT.V505.FILE253.PDS, moved to PDS/CTDISPF
2023-08-06 02:30:34.147784 - Found CTDISPFU.txt (text/plain) in CBT.V505.FILE253.PDS, moved to PDS/CTDISPFU
2023-08-06 02:30:34.148702 - Found CTDOLV.txt (text/plain) in CBT.V505.FILE253.PDS, moved to PDS/CTDOLV
2023-08-06 02:30:34.149562 - Found CTDPC.txt (text/plain) in CBT.V505.FILE253.PDS, moved to PDS/CTDPC
2023-08-06 02:30:34.150405 - Found CTDPRTRQ.txt (text/plain) in CBT.V505.FILE253.PDS, moved to PDS/CTDPRTRQ
2023-08-06 02:30:34.151230 - Found CTDREPRQ.txt (text/plain) in CBT.V505.FILE253.PDS, moved to PDS/CTDREPRQ
2023-08-06 02:30:34.152068 - Found CTDRSTRQ.txt (text/plain) in CBT.V505.FILE253.PDS, moved to PDS/CTDRSTRQ
2023-08-06 02:30:34.152913 - Found CTDUPAMF.txt (text/plain) in CBT.V505.FILE253.PDS, moved to PDS/CTDUPAMF
2023-08-06 02:30:34.153864 - Found CTDXPC.txt (text/plain) in CBT.V505.FILE253.PDS, moved to PDS/CTDXPC
2023-08-06 02:30:34.154707 - Found CTDXTSO.txt (text/plain) in CBT.V505.FILE253.PDS, moved to PDS/CTDXTSO
2023-08-06 02:30:34.155517 - Found CTDXTSOU.txt (text/plain) in CBT.V505.FILE253.PDS, moved to PDS/CTDXTSOU
2023-08-06 02:30:34.156411 - Found CTMAES.txt (text/plain) in CBT.V505.FILE253.PDS, moved to PDS/CTMAES
2023-08-06 02:30:34.157371 - Found CTMCAES.txt (text/plain) in CBT.V505.FILE253.PDS, moved to PDS/CTMCAES
2023-08-06 02:30:34.158283 - Found CTMCALOC.txt (text/plain) in CBT.V505.FILE253.PDS, moved to PDS/CTMCALOC
2023-08-06 02:30:34.159161 - Found CTMCAMNU.txt (text/plain) in CBT.V505.FILE253.PDS, moved to PDS/CTMCAMNU
2023-08-06 02:30:34.160009 - Found CTMCAMST.txt (text/plain) in CBT.V505.FILE253.PDS, moved to PDS/CTMCAMST
2023-08-06 02:30:34.160928 - Found CTMCAUPT.txt (text/plain) in CBT.V505.FILE253.PDS, moved to PDS/CTMCAUPT
2023-08-06 02:30:34.161876 - Found CTMCCND.txt (text/plain) in CBT.V505.FILE253.PDS, moved to PDS/CTMCCND
2023-08-06 02:30:34.162759 - Found CTMCDAIL.txt (text/plain) in CBT.V505.FILE253.PDS, moved to PDS/CTMCDAIL
2023-08-06 02:30:34.163689 - Found CTMCFAST.txt (text/plain) in CBT.V505.FILE253.PDS, moved to PDS/CTMCFAST
2023-08-06 02:30:34.164580 - Found CTMCFMNU.txt (text/plain) in CBT.V505.FILE253.PDS, moved to PDS/CTMCFMNU
2023-08-06 02:30:34.165520 - Found CTMCFMST.txt (text/plain) in CBT.V505.FILE253.PDS, moved to PDS/CTMCFMST
2023-08-06 02:30:34.166453 - Found CTMCFUPT.txt (text/plain) in CBT.V505.FILE253.PDS, moved to PDS/CTMCFUPT
2023-08-06 02:30:34.167384 - Found CTMCJOBS.txt (text/plain) in CBT.V505.FILE253.PDS, moved to PDS/CTMCJOBS
2023-08-06 02:30:34.168279 - Found CTMCJSC.txt (text/plain) in CBT.V505.FILE253.PDS, moved to PDS/CTMCJSC
2023-08-06 02:30:34.169226 - Found CTMCK10.txt (text/plain) in CBT.V505.FILE253.PDS, moved to PDS/CTMCK10
2023-08-06 02:30:34.170149 - Found CTMCK15.txt (text/plain) in CBT.V505.FILE253.PDS, moved to PDS/CTMCK15
2023-08-06 02:30:34.171002 - Found CTMCK20.txt (text/plain) in CBT.V505.FILE253.PDS, moved to PDS/CTMCK20
2023-08-06 02:30:34.171797 - Found CTMCK30.txt (text/plain) in CBT.V505.FILE253.PDS, moved to PDS/CTMCK30
2023-08-06 02:30:34.172720 - Found CTMCK40.txt (text/plain) in CBT.V505.FILE253.PDS, moved to PDS/CTMCK40
2023-08-06 02:30:34.173589 - Found CTMCND.txt (text/plain) in CBT.V505.FILE253.PDS, moved to PDS/CTMCND
2023-08-06 02:30:34.174496 - Found CTMCSIM.txt (text/plain) in CBT.V505.FILE253.PDS, moved to PDS/CTMCSIM
2023-08-06 02:30:34.175410 - Found CTMDT.txt (text/plain) in CBT.V505.FILE253.PDS, moved to PDS/CTMDT
2023-08-06 02:30:34.176347 - Found CTMEXEC.txt (text/plain) in CBT.V505.FILE253.PDS, moved to PDS/CTMEXEC
2023-08-06 02:30:34.177276 - Found CTMFETCH.txt (text/plain) in CBT.V505.FILE253.PDS, moved to PDS/CTMFETCH
2023-08-06 02:30:34.178125 - Found CTMISPF.txt (text/plain) in CBT.V505.FILE253.PDS, moved to PDS/CTMISPF
2023-08-06 02:30:34.179039 - Found CTMISPFD.txt (text/plain) in CBT.V505.FILE253.PDS, moved to PDS/CTMISPFD
2023-08-06 02:30:34.179989 - Found CTMJBINT.txt (text/plain) in CBT.V505.FILE253.PDS, moved to PDS/CTMJBINT
2023-08-06 02:30:34.180928 - Found CTMJOBRQ.txt (text/plain) in CBT.V505.FILE253.PDS, moved to PDS/CTMJOBRQ
2023-08-06 02:30:34.181880 - Found CTMQUICK.txt (text/plain) in CBT.V505.FILE253.PDS, moved to PDS/CTMQUICK
2023-08-06 02:30:34.182780 - Found CTMSETSB.txt (text/plain) in CBT.V505.FILE253.PDS, moved to PDS/CTMSETSB
2023-08-06 02:30:34.183721 - Found CTMXTSO.txt (text/plain) in CBT.V505.FILE253.PDS, moved to PDS/CTMXTSO
2023-08-06 02:30:34.184629 - Found CTMXTSOD.txt (text/plain) in CBT.V505.FILE253.PDS, moved to PDS/CTMXTSOD
2023-08-06 02:30:34.185489 - Found CTOISPF.txt (text/plain) in CBT.V505.FILE253.PDS, moved to PDS/CTOISPF
2023-08-06 02:30:34.186396 - Found CTOISPFK.txt (text/plain) in CBT.V505.FILE253.PDS, moved to PDS/CTOISPFK
2023-08-06 02:30:34.187326 - Found CTOXTSO.txt (text/plain) in CBT.V505.FILE253.PDS, moved to PDS/CTOXTSO
2023-08-06 02:30:34.188239 - Found CTOXTSOK.txt (text/plain) in CBT.V505.FILE253.PDS, moved to PDS/CTOXTSOK
2023-08-06 02:30:34.189077 - Found CTRCCLN.txt (text/plain) in CBT.V505.FILE253.PDS, moved to PDS/CTRCCLN
2023-08-06 02:30:34.190020 - Found CTRCSIM.txt (text/plain) in CBT.V505.FILE253.PDS, moved to PDS/CTRCSIM
2023-08-06 02:30:34.190965 - Found CTRMACRO.txt (text/plain) in CBT.V505.FILE253.PDS, moved to PDS/CTRMACRO
2023-08-06 02:30:34.191840 - Found CTTCRSS.txt (text/plain) in CBT.V505.FILE253.PDS, moved to PDS/CTTCRSS
2023-08-06 02:30:34.192651 - Found CTTISPFA.txt (text/plain) in CBT.V505.FILE253.PDS, moved to PDS/CTTISPFA
2023-08-06 02:30:34.193625 - Found CTTISPFG.txt (text/plain) in CBT.V505.FILE253.PDS, moved to PDS/CTTISPFG
2023-08-06 02:30:34.194510 - Found CTTISPFH.txt (text/plain) in CBT.V505.FILE253.PDS, moved to PDS/CTTISPFH
2023-08-06 02:30:34.195465 - Found CTTISPFL.txt (text/plain) in CBT.V505.FILE253.PDS, moved to PDS/CTTISPFL
2023-08-06 02:30:34.196358 - Found CTTISPFN.txt (text/plain) in CBT.V505.FILE253.PDS, moved to PDS/CTTISPFN
2023-08-06 02:30:34.197294 - Found CTTISPFP.txt (text/plain) in CBT.V505.FILE253.PDS, moved to PDS/CTTISPFP
2023-08-06 02:30:34.198143 - Found CTTISPFQ.txt (text/plain) in CBT.V505.FILE253.PDS, moved to PDS/CTTISPFQ
2023-08-06 02:30:34.199035 - Found CTTISPFR.txt (text/plain) in CBT.V505.FILE253.PDS, moved to PDS/CTTISPFR
2023-08-06 02:30:34.199952 - Found CTTISPFT.txt (text/plain) in CBT.V505.FILE253.PDS, moved to PDS/CTTISPFT
2023-08-06 02:30:34.200881 - Found CTTISPFX.txt (text/plain) in CBT.V505.FILE253.PDS, moved to PDS/CTTISPFX
2023-08-06 02:30:34.201812 - Found CTTISPFY.txt (text/plain) in CBT.V505.FILE253.PDS, moved to PDS/CTTISPFY
2023-08-06 02:30:34.202739 - Found CTTISPFZ.txt (text/plain) in CBT.V505.FILE253.PDS, moved to PDS/CTTISPFZ
2023-08-06 02:30:34.203700 - Found CTTONL.txt (text/plain) in CBT.V505.FILE253.PDS, moved to PDS/CTTONL
2023-08-06 02:30:34.204535 - Found CTTTLMS.txt (text/plain) in CBT.V505.FILE253.PDS, moved to PDS/CTTTLMS
2023-08-06 02:30:34.205385 - Found CTTXTSOA.txt (text/plain) in CBT.V505.FILE253.PDS, moved to PDS/CTTXTSOA
2023-08-06 02:30:34.206320 - Found CTTXTSOG.txt (text/plain) in CBT.V505.FILE253.PDS, moved to PDS/CTTXTSOG
2023-08-06 02:30:34.207262 - Found CTTXTSOH.txt (text/plain) in CBT.V505.FILE253.PDS, moved to PDS/CTTXTSOH
2023-08-06 02:30:34.208108 - Found CTTXTSOL.txt (text/plain) in CBT.V505.FILE253.PDS, moved to PDS/CTTXTSOL
2023-08-06 02:30:34.208942 - Found CTTXTSON.txt (text/plain) in CBT.V505.FILE253.PDS, moved to PDS/CTTXTSON
2023-08-06 02:30:34.209767 - Found CTTXTSOP.txt (text/plain) in CBT.V505.FILE253.PDS, moved to PDS/CTTXTSOP
2023-08-06 02:30:34.210574 - Found CTTXTSOQ.txt (text/plain) in CBT.V505.FILE253.PDS, moved to PDS/CTTXTSOQ
2023-08-06 02:30:34.211396 - Found CTTXTSOR.txt (text/plain) in CBT.V505.FILE253.PDS, moved to PDS/CTTXTSOR
2023-08-06 02:30:34.212212 - Found CTTXTSOT.txt (text/plain) in CBT.V505.FILE253.PDS, moved to PDS/CTTXTSOT
2023-08-06 02:30:34.213048 - Found CTTXTSOX.txt (text/plain) in CBT.V505.FILE253.PDS, moved to PDS/CTTXTSOX
2023-08-06 02:30:34.214024 - Found CTTXTSOY.txt (text/plain) in CBT.V505.FILE253.PDS, moved to PDS/CTTXTSOY
2023-08-06 02:30:34.214940 - Found CTTXTSOZ.txt (text/plain) in CBT.V505.FILE253.PDS, moved to PDS/CTTXTSOZ
2023-08-06 02:30:34.215825 - Found DASDBULD.rexx (text/plain) in CBT.V505.FILE253.PDS, moved to PDS/DASDBULD
2023-08-06 02:30:34.216787 - Found DASDBUL3.rexx (text/plain) in CBT.V505.FILE253.PDS, moved to PDS/DASDBUL3
2023-08-06 02:30:34.217711 - Found DASDBUL4.rexx (text/plain) in CBT.V505.FILE253.PDS, moved to PDS/DASDBUL4
2023-08-06 02:30:34.218648 - Found DASDBUL5.rexx (text/plain) in CBT.V505.FILE253.PDS, moved to PDS/DASDBUL5
2023-08-06 02:30:34.219622 - Found DASDBUL6.rexx (text/plain) in CBT.V505.FILE253.PDS, moved to PDS/DASDBUL6
2023-08-06 02:30:34.220532 - Found DASDPULL.rexx (text/plain) in CBT.V505.FILE253.PDS, moved to PDS/DASDPULL
2023-08-06 02:30:34.221358 - Found DB2BINDB.rexx (text/plain) in CBT.V505.FILE253.PDS, moved to PDS/DB2BINDB
2023-08-06 02:30:34.222380 - Found DB2BINDC.rexx (text/plain) in CBT.V505.FILE253.PDS, moved to PDS/DB2BINDC
2023-08-06 02:30:34.223311 - Found DB2BPROD.rexx (text/plain) in CBT.V505.FILE253.PDS, moved to PDS/DB2BPROD
2023-08-06 02:30:34.224147 - Found DB2CHKSS.rexx (text/plain) in CBT.V505.FILE253.PDS, moved to PDS/DB2CHKSS
2023-08-06 02:30:34.225019 - Found DB2COBCK.rexx (text/plain) in CBT.V505.FILE253.PDS, moved to PDS/DB2COBCK
2023-08-06 02:30:34.225955 - Found DB2DYLDQ.rexx (text/plain) in CBT.V505.FILE253.PDS, moved to PDS/DB2DYLDQ
2023-08-06 02:30:34.226895 - Found DB2DYLGT.rexx (text/plain) in CBT.V505.FILE253.PDS, moved to PDS/DB2DYLGT
2023-08-06 02:30:34.227782 - Found DB2EBGRT.rexx (text/plain) in CBT.V505.FILE253.PDS, moved to PDS/DB2EBGRT
2023-08-06 02:30:34.228586 - Found DB2ECGRT.rexx (text/plain) in CBT.V505.FILE253.PDS, moved to PDS/DB2ECGRT
2023-08-06 02:30:34.229425 - Found DB2GRNTP.rexx (text/plain) in CBT.V505.FILE253.PDS, moved to PDS/DB2GRNTP
2023-08-06 02:30:34.230365 - Found DB2PACKB.rexx (text/plain) in CBT.V505.FILE253.PDS, moved to PDS/DB2PACKB
2023-08-06 02:30:34.231249 - Found DB2PBPRM.rexx (text/plain) in CBT.V505.FILE253.PDS, moved to PDS/DB2PBPRM
2023-08-06 02:30:34.232059 - Found DB2PCPRM.rexx (text/plain) in CBT.V505.FILE253.PDS, moved to PDS/DB2PCPRM
2023-08-06 02:30:34.232879 - Found DB2PKBND.rexx (text/plain) in CBT.V505.FILE253.PDS, moved to PDS/DB2PKBND
2023-08-06 02:30:34.233809 - Found DB2PRDB1.rexx (text/plain) in CBT.V505.FILE253.PDS, moved to PDS/DB2PRDB1
2023-08-06 02:30:34.234745 - Found DB2PRDC1.rexx (text/plain) in CBT.V505.FILE253.PDS, moved to PDS/DB2PRDC1
2023-08-06 02:30:34.235700 - Found DB2QACPB.rexx (text/plain) in CBT.V505.FILE253.PDS, moved to PDS/DB2QACPB
2023-08-06 02:30:34.236563 - Found DB2QAPBN.rexx (text/plain) in CBT.V505.FILE253.PDS, moved to PDS/DB2QAPBN
2023-08-06 02:30:34.237475 - Found DB2QAPRM.rexx (text/plain) in CBT.V505.FILE253.PDS, moved to PDS/DB2QAPRM
2023-08-06 02:30:34.238419 - Found DB2RMLIB.rexx (text/plain) in CBT.V505.FILE253.PDS, moved to PDS/DB2RMLIB
2023-08-06 02:30:34.239265 - Found DB2TEPCK.rexx (text/plain) in CBT.V505.FILE253.PDS, moved to PDS/DB2TEPCK
2023-08-06 02:30:34.240070 - Found DB2TIACK.rexx (text/plain) in CBT.V505.FILE253.PDS, moved to PDS/DB2TIACK
2023-08-06 02:30:34.240872 - Found DDSSHUT.rexx (text/plain) in CBT.V505.FILE253.PDS, moved to PDS/DDSSHUT
2023-08-06 02:30:34.241731 - Found DDSSTART.rexx (text/plain) in CBT.V505.FILE253.PDS, moved to PDS/DDSSTART
2023-08-06 02:30:34.242658 - Found DELETENV.rexx (text/plain) in CBT.V505.FILE253.PDS, moved to PDS/DELETENV
2023-08-06 02:30:34.243494 - Found DELETGDG.rexx (text/plain) in CBT.V505.FILE253.PDS, moved to PDS/DELETGDG
2023-08-06 02:30:34.244288 - Found DELNVR.rexx (text/plain) in CBT.V505.FILE253.PDS, moved to PDS/DELNVR
2023-08-06 02:30:34.245117 - Found DELVVR.rexx (text/plain) in CBT.V505.FILE253.PDS, moved to PDS/DELVVR
2023-08-06 02:30:34.246030 - Found DISPATCH.txt (text/plain) in CBT.V505.FILE253.PDS, moved to PDS/DISPATCH
2023-08-06 02:30:34.246931 - Found DISPOLVO.txt (text/plain) in CBT.V505.FILE253.PDS, moved to PDS/DISPOLVO
2023-08-06 02:30:34.247801 - Found DMAN.txt (text/plain) in CBT.V505.FILE253.PDS, moved to PDS/DMAN
2023-08-06 02:30:34.248658 - Found DOMCLIST.txt (text/plain) in CBT.V505.FILE253.PDS, moved to PDS/DOMCLIST
2023-08-06 02:30:34.249597 - Found DRERPROF.rexx (text/plain) in CBT.V505.FILE253.PDS, moved to PDS/DRERPROF
2023-08-06 02:30:34.250497 - Found EDITPDS.rexx (text/plain) in CBT.V505.FILE253.PDS, moved to PDS/EDITPDS
2023-08-06 02:30:34.251459 - Found ELIPS$CR.rexx (text/plain) in CBT.V505.FILE253.PDS, moved to PDS/ELIPS$CR
2023-08-06 02:30:34.252330 - Found ELIPS$FE.rexx (text/plain) in CBT.V505.FILE253.PDS, moved to PDS/ELIPS$FE
2023-08-06 02:30:34.253248 - Found ELIPS$GA.rexx (text/plain) in CBT.V505.FILE253.PDS, moved to PDS/ELIPS$GA
2023-08-06 02:30:34.254195 - Found EXECUPDT.rexx (text/plain) in CBT.V505.FILE253.PDS, moved to PDS/EXECUPDT
2023-08-06 02:30:34.255117 - Found FCTMERG.rexx (text/plain) in CBT.V505.FILE253.PDS, moved to PDS/FCTMERG
2023-08-06 02:30:34.255916 - Found FDMERG.rexx (text/plain) in CBT.V505.FILE253.PDS, moved to PDS/FDMERG
2023-08-06 02:30:34.256747 - Found FINDEXEC.rexx (text/plain) in CBT.V505.FILE253.PDS, moved to PDS/FINDEXEC
2023-08-06 02:30:34.257708 - Found FINDLLIB.rexx (text/plain) in CBT.V505.FILE253.PDS, moved to PDS/FINDLLIB
2023-08-06 02:30:34.258650 - Found FINDLOAD.rexx (text/plain) in CBT.V505.FILE253.PDS, moved to PDS/FINDLOAD
2023-08-06 02:30:34.259668 - Found FINDMLIB.rexx (text/plain) in CBT.V505.FILE253.PDS, moved to PDS/FINDMLIB
2023-08-06 02:30:34.260487 - Found FINDPLIB.rexx (text/plain) in CBT.V505.FILE253.PDS, moved to PDS/FINDPLIB
2023-08-06 02:30:34.261343 - Found FINDSLIB.rexx (text/plain) in CBT.V505.FILE253.PDS, moved to PDS/FINDSLIB
2023-08-06 02:30:34.262513 - Found FINDTLIB.rexx (text/plain) in CBT.V505.FILE253.PDS, moved to PDS/FINDTLIB
2023-08-06 02:30:34.263422 - Found FL.rexx (text/plain) in CBT.V505.FILE253.PDS, moved to PDS/FL
2023-08-06 02:30:34.264250 - Found FOCCLIST.txt (text/plain) in CBT.V505.FILE253.PDS, moved to PDS/FOCCLIST
2023-08-06 02:30:34.265116 - Found FQXRF.txt (text/plain) in CBT.V505.FILE253.PDS, moved to PDS/FQXRF
2023-08-06 02:30:34.266112 - Found FTLMS.txt (text/plain) in CBT.V505.FILE253.PDS, moved to PDS/FTLMS
2023-08-06 02:30:34.266987 - Found FTTSO.rexx (text/plain) in CBT.V505.FILE253.PDS, moved to PDS/FTTSO
2023-08-06 02:30:34.268060 - Found FXREF.txt (text/plain) in CBT.V505.FILE253.PDS, moved to PDS/FXREF
2023-08-06 02:30:34.268907 - Found HOLDLIST.rexx (text/plain) in CBT.V505.FILE253.PDS, moved to PDS/HOLDLIST
2023-08-06 02:30:34.269933 - Found IOA.txt (text/plain) in CBT.V505.FILE253.PDS, moved to PDS/IOA
2023-08-06 02:30:34.270886 - Found IOACCND.txt (text/plain) in CBT.V505.FILE253.PDS, moved to PDS/IOACCND
2023-08-06 02:30:34.271732 - Found IOAMAINT.txt (text/plain) in CBT.V505.FILE253.PDS, moved to PDS/IOAMAINT
2023-08-06 02:30:34.272520 - Found IOAONL.txt (text/plain) in CBT.V505.FILE253.PDS, moved to PDS/IOAONL
2023-08-06 02:30:34.273307 - Found IOAVERFY.txt (text/plain) in CBT.V505.FILE253.PDS, moved to PDS/IOAVERFY
2023-08-06 02:30:34.274265 - Found IPCSINIT.rexx (text/plain) in CBT.V505.FILE253.PDS, moved to PDS/IPCSINIT
2023-08-06 02:30:34.274275 - Found ISPCMDS.bin containing application/octet-stream, moved to PDS/ISPCMDS
2023-08-06 02:30:34.276149 - Found JCWMORT.txt (text/plain) in CBT.V505.FILE253.PDS, moved to PDS/JCWMORT
2023-08-06 02:30:34.277123 - Found JRWSERCH.rexx (text/plain) in CBT.V505.FILE253.PDS, moved to PDS/JRWSERCH
2023-08-06 02:30:34.278050 - Found JRWSERC1.rexx (text/plain) in CBT.V505.FILE253.PDS, moved to PDS/JRWSERC1
2023-08-06 02:30:34.278979 - Found JULIAN.rexx (text/plain) in CBT.V505.FILE253.PDS, moved to PDS/JULIAN
2023-08-06 02:30:34.279872 - Found KTLMSX.rexx (text/plain) in CBT.V505.FILE253.PDS, moved to PDS/KTLMSX
2023-08-06 02:30:34.280771 - Found KWBACKUP.rexx (text/plain) in CBT.V505.FILE253.PDS, moved to PDS/KWBACKUP
2023-08-06 02:30:34.281681 - Found KWRESTOR.rexx (text/plain) in CBT.V505.FILE253.PDS, moved to PDS/KWRESTOR
2023-08-06 02:30:34.282629 - Found LAMXCEPT.rexx (text/plain) in CBT.V505.FILE253.PDS, moved to PDS/LAMXCEPT
2023-08-06 02:30:34.283550 - Found LBBROWSE.rexx (text/plain) in CBT.V505.FILE253.PDS, moved to PDS/LBBROWSE
2023-08-06 02:30:34.284496 - Found LBCLOSE.rexx (text/plain) in CBT.V505.FILE253.PDS, moved to PDS/LBCLOSE
2023-08-06 02:30:34.285438 - Found LBCOMPAR.rexx (text/plain) in CBT.V505.FILE253.PDS, moved to PDS/LBCOMPAR
2023-08-06 02:30:34.286391 - Found LBEXPAND.rexx (text/plain) in CBT.V505.FILE253.PDS, moved to PDS/LBEXPAND
2023-08-06 02:30:34.287330 - Found LBFETCH.rexx (text/plain) in CBT.V505.FILE253.PDS, moved to PDS/LBFETCH
2023-08-06 02:30:34.288272 - Found LBHSTUPD.rexx (text/plain) in CBT.V505.FILE253.PDS, moved to PDS/LBHSTUPD
2023-08-06 02:30:34.289205 - Found LBLOGOUT.rexx (text/plain) in CBT.V505.FILE253.PDS, moved to PDS/LBLOGOUT
2023-08-06 02:30:34.290118 - Found LBSCAN.rexx (text/plain) in CBT.V505.FILE253.PDS, moved to PDS/LBSCAN
2023-08-06 02:30:34.291009 - Found LGNALIAS.rexx (text/plain) in CBT.V505.FILE253.PDS, moved to PDS/LGNALIAS
2023-08-06 02:30:34.291940 - Found LIBALLDD.rexx (text/plain) in CBT.V505.FILE253.PDS, moved to PDS/LIBALLDD
2023-08-06 02:30:34.292854 - Found LIBALLOC.rexx (text/plain) in CBT.V505.FILE253.PDS, moved to PDS/LIBALLOC
2023-08-06 02:30:34.293733 - Found LIBALLOD.rexx (text/plain) in CBT.V505.FILE253.PDS, moved to PDS/LIBALLOD
2023-08-06 02:30:34.294725 - Found LIBDSRCE.rexx (text/plain) in CBT.V505.FILE253.PDS, moved to PDS/LIBDSRCE
2023-08-06 02:30:34.295673 - Found LIBEXPND.rexx (text/plain) in CBT.V505.FILE253.PDS, moved to PDS/LIBEXPND
2023-08-06 02:30:34.296635 - Found LIBFCRSR.rexx (text/plain) in CBT.V505.FILE253.PDS, moved to PDS/LIBFCRSR
2023-08-06 02:30:34.297615 - Found LIBPURGE.rexx (text/plain) in CBT.V505.FILE253.PDS, moved to PDS/LIBPURGE
2023-08-06 02:30:34.298545 - Found LIBRINIT.rexx (text/plain) in CBT.V505.FILE253.PDS, moved to PDS/LIBRINIT
2023-08-06 02:30:34.299456 - Found LINKLIST.rexx (text/plain) in CBT.V505.FILE253.PDS, moved to PDS/LINKLIST
2023-08-06 02:30:34.300327 - Found LLAUP.rexx (text/plain) in CBT.V505.FILE253.PDS, moved to PDS/LLAUP
2023-08-06 02:30:34.301303 - Found LOGOFF.rexx (text/plain) in CBT.V505.FILE253.PDS, moved to PDS/LOGOFF
2023-08-06 02:30:34.302213 - Found LOGOFFON.rexx (text/plain) in CBT.V505.FILE253.PDS, moved to PDS/LOGOFFON
2023-08-06 02:30:34.303141 - Found LOGON.rexx (text/plain) in CBT.V505.FILE253.PDS, moved to PDS/LOGON
2023-08-06 02:30:34.303999 - Found LOOKCMDS.rexx (text/plain) in CBT.V505.FILE253.PDS, moved to PDS/LOOKCMDS
2023-08-06 02:30:34.304806 - Found LPAR.rexx (text/plain) in CBT.V505.FILE253.PDS, moved to PDS/LPAR
2023-08-06 02:30:34.305649 - Found MAINVIEW.txt (text/plain) in CBT.V505.FILE253.PDS, moved to PDS/MAINVIEW
2023-08-06 02:30:34.306446 - Found MMSBUILD.rexx (text/plain) in CBT.V505.FILE253.PDS, moved to PDS/MMSBUILD
2023-08-06 02:30:34.307263 - Found MODMATCH.rexx (text/plain) in CBT.V505.FILE253.PDS, moved to PDS/MODMATCH
2023-08-06 02:30:34.308156 - Found NUAIBOUT.txt (text/plain) in CBT.V505.FILE253.PDS, moved to PDS/NUAIBOUT
2023-08-06 02:30:34.309019 - Found NUAIBROW.txt (text/plain) in CBT.V505.FILE253.PDS, moved to PDS/NUAIBROW
2023-08-06 02:30:34.309925 - Found NUAIBRWE.txt (text/plain) in CBT.V505.FILE253.PDS, moved to PDS/NUAIBRWE
2023-08-06 02:30:34.310762 - Found NUAIEDIT.txt (text/plain) in CBT.V505.FILE253.PDS, moved to PDS/NUAIEDIT
2023-08-06 02:30:34.311565 - Found NUAIEDTE.txt (text/plain) in CBT.V505.FILE253.PDS, moved to PDS/NUAIEDTE
2023-08-06 02:30:34.312399 - Found NUAIHOST.txt (text/plain) in CBT.V505.FILE253.PDS, moved to PDS/NUAIHOST
2023-08-06 02:30:34.313227 - Found NUAIINIT.txt (text/plain) in CBT.V505.FILE253.PDS, moved to PDS/NUAIINIT
2023-08-06 02:30:34.314181 - Found NUAILCMD.txt (text/plain) in CBT.V505.FILE253.PDS, moved to PDS/NUAILCMD
2023-08-06 02:30:34.315050 - Found NUAIMENU.txt (text/plain) in CBT.V505.FILE253.PDS, moved to PDS/NUAIMENU
2023-08-06 02:30:34.315969 - Found NUAINATV.txt (text/plain) in CBT.V505.FILE253.PDS, moved to PDS/NUAINATV
2023-08-06 02:30:34.316935 - Found NUAIPSV.txt (text/plain) in CBT.V505.FILE253.PDS, moved to PDS/NUAIPSV
2023-08-06 02:30:34.317916 - Found NUAIQUAL.txt (text/plain) in CBT.V505.FILE253.PDS, moved to PDS/NUAIQUAL
2023-08-06 02:30:34.318820 - Found NUAIRCMD.txt (text/plain) in CBT.V505.FILE253.PDS, moved to PDS/NUAIRCMD
2023-08-06 02:30:34.319873 - Found NUAISHOW.txt (text/plain) in CBT.V505.FILE253.PDS, moved to PDS/NUAISHOW
2023-08-06 02:30:34.320817 - Found NUAITRAN.txt (text/plain) in CBT.V505.FILE253.PDS, moved to PDS/NUAITRAN
2023-08-06 02:30:34.321758 - Found NUAIUCMD.txt (text/plain) in CBT.V505.FILE253.PDS, moved to PDS/NUAIUCMD
2023-08-06 02:30:34.322576 - Found NUAIVSET.txt (text/plain) in CBT.V505.FILE253.PDS, moved to PDS/NUAIVSET
2023-08-06 02:30:34.323342 - Found NUAIWILD.txt (text/plain) in CBT.V505.FILE253.PDS, moved to PDS/NUAIWILD
2023-08-06 02:30:34.324107 - Found NUATYPE.txt (text/plain) in CBT.V505.FILE253.PDS, moved to PDS/NUATYPE
2023-08-06 02:30:34.324847 - Found NUAUSER.txt (text/plain) in CBT.V505.FILE253.PDS, moved to PDS/NUAUSER
2023-08-06 02:30:34.325785 - Found NWABEND.rexx (text/plain) in CBT.V505.FILE253.PDS, moved to PDS/NWABEND
2023-08-06 02:30:34.326624 - Found NWABEND2.rexx (text/plain) in CBT.V505.FILE253.PDS, moved to PDS/NWABEND2
2023-08-06 02:30:34.327434 - Found NWALLOC.rexx (text/plain) in CBT.V505.FILE253.PDS, moved to PDS/NWALLOC
2023-08-06 02:30:34.328204 - Found NWALLOCV.rexx (text/plain) in CBT.V505.FILE253.PDS, moved to PDS/NWALLOCV
2023-08-06 02:30:34.328973 - Found NWBACKUP.rexx (text/plain) in CBT.V505.FILE253.PDS, moved to PDS/NWBACKUP
2023-08-06 02:30:34.329831 - Found NWBNETEX.rexx (text/plain) in CBT.V505.FILE253.PDS, moved to PDS/NWBNETEX
2023-08-06 02:30:34.330742 - Found NWBTCPIP.rexx (text/plain) in CBT.V505.FILE253.PDS, moved to PDS/NWBTCPIP
2023-08-06 02:30:34.331560 - Found NWREALTY.rexx (text/plain) in CBT.V505.FILE253.PDS, moved to PDS/NWREALTY
2023-08-06 02:30:34.332458 - Found NWREST.rexx (text/plain) in CBT.V505.FILE253.PDS, moved to PDS/NWREST
2023-08-06 02:30:34.333386 - Found NWRESTOR.rexx (text/plain) in CBT.V505.FILE253.PDS, moved to PDS/NWRESTOR
2023-08-06 02:30:34.334345 - Found NWRSTLOG.rexx (text/plain) in CBT.V505.FILE253.PDS, moved to PDS/NWRSTLOG
2023-08-06 02:30:34.335288 - Found ODASDB.rexx (text/plain) in CBT.V505.FILE253.PDS, moved to PDS/ODASDB
2023-08-06 02:30:34.336180 - Found ODRSCICS.rexx (text/plain) in CBT.V505.FILE253.PDS, moved to PDS/ODRSCICS
2023-08-06 02:30:34.337096 - Found OLDREST.rexx (text/plain) in CBT.V505.FILE253.PDS, moved to PDS/OLDREST
2023-08-06 02:30:34.338123 - Found OLDSDBLD.rexx (text/plain) in CBT.V505.FILE253.PDS, moved to PDS/OLDSDBLD
2023-08-06 02:30:34.339000 - Found OLDSDBL2.rexx (text/plain) in CBT.V505.FILE253.PDS, moved to PDS/OLDSDBL2
2023-08-06 02:30:34.339931 - Found ONWABEND.rexx (text/plain) in CBT.V505.FILE253.PDS, moved to PDS/ONWABEND
2023-08-06 02:30:34.340847 - Found ONWALLOC.rexx (text/plain) in CBT.V505.FILE253.PDS, moved to PDS/ONWALLOC
2023-08-06 02:30:34.341744 - Found ONWREST.rexx (text/plain) in CBT.V505.FILE253.PDS, moved to PDS/ONWREST
2023-08-06 02:30:34.342545 - Found OP.rexx (text/plain) in CBT.V505.FILE253.PDS, moved to PDS/OP
2023-08-06 02:30:34.343300 - Found OPER.rexx (text/plain) in CBT.V505.FILE253.PDS, moved to PDS/OPER
2023-08-06 02:30:34.344050 - Found OTLMSX.rexx (text/plain) in CBT.V505.FILE253.PDS, moved to PDS/OTLMSX
2023-08-06 02:30:34.344833 - Found OWBACKUP.rexx (text/plain) in CBT.V505.FILE253.PDS, moved to PDS/OWBACKUP
2023-08-06 02:30:34.345679 - Found OWRESTOR.rexx (text/plain) in CBT.V505.FILE253.PDS, moved to PDS/OWRESTOR
2023-08-06 02:30:34.346602 - Found PDF.rexx (text/plain) in CBT.V505.FILE253.PDS, moved to PDS/PDF
2023-08-06 02:30:34.347509 - Found PDSMATCH.rexx (text/plain) in CBT.V505.FILE253.PDS, moved to PDS/PDSMATCH
2023-08-06 02:30:34.348337 - Found PRINTLOG.rexx (text/plain) in CBT.V505.FILE253.PDS, moved to PDS/PRINTLOG
2023-08-06 02:30:34.349317 - Found PRINTQMF.rexx (text/plain) in CBT.V505.FILE253.PDS, moved to PDS/PRINTQMF
2023-08-06 02:30:34.350136 - Found PXREFPRC.rexx (text/plain) in CBT.V505.FILE253.PDS, moved to PDS/PXREFPRC
2023-08-06 02:30:34.351046 - Found QAXREF.txt (text/plain) in CBT.V505.FILE253.PDS, moved to PDS/QAXREF
2023-08-06 02:30:34.351960 - Found QWSDSF.rexx (text/plain) in CBT.V505.FILE253.PDS, moved to PDS/QWSDSF
2023-08-06 02:30:34.352836 - Found QXOLD.rexx (text/plain) in CBT.V505.FILE253.PDS, moved to PDS/QXOLD
2023-08-06 02:30:34.353748 - Found RACRESUM.rexx (text/plain) in CBT.V505.FILE253.PDS, moved to PDS/RACRESUM
2023-08-06 02:30:34.354744 - Found RCAPAF.rexx (text/plain) in CBT.V505.FILE253.PDS, moved to PDS/RCAPAF
2023-08-06 02:30:34.355673 - Found REFRESH.rexx (text/plain) in CBT.V505.FILE253.PDS, moved to PDS/REFRESH
2023-08-06 02:30:34.356467 - Found REXXSMF.rexx (text/plain) in CBT.V505.FILE253.PDS, moved to PDS/REXXSMF
2023-08-06 02:30:34.357233 - Found RMAXMON.rexx (text/plain) in CBT.V505.FILE253.PDS, moved to PDS/RMAXMON
2023-08-06 02:30:34.358153 - Found SAF.txt (text/plain) in CBT.V505.FILE253.PDS, moved to PDS/SAF
2023-08-06 02:30:34.359008 - Found SAS608.txt (text/plain) in CBT.V505.FILE253.PDS, moved to PDS/SAS608
2023-08-06 02:30:34.359852 - Found SAVEACDS.rexx (text/plain) in CBT.V505.FILE253.PDS, moved to PDS/SAVEACDS
2023-08-06 02:30:34.360675 - Found SAVENWB.rexx (text/plain) in CBT.V505.FILE253.PDS, moved to PDS/SAVENWB
2023-08-06 02:30:34.361646 - Found SPACECMP.rexx (text/plain) in CBT.V505.FILE253.PDS, moved to PDS/SPACECMP
2023-08-06 02:30:34.362515 - Found SPACEREQ.rexx (text/plain) in CBT.V505.FILE253.PDS, moved to PDS/SPACEREQ
2023-08-06 02:30:34.363368 - Found STKVOL.rexx (text/plain) in CBT.V505.FILE253.PDS, moved to PDS/STKVOL
2023-08-06 02:30:34.364308 - Found STRLBDEF.txt (text/plain) in CBT.V505.FILE253.PDS, moved to PDS/STRLBDEF
2023-08-06 02:30:34.365261 - Found SYSUP.rexx (text/plain) in CBT.V505.FILE253.PDS, moved to PDS/SYSUP
2023-08-06 02:30:34.366220 - Found SYSUTIL.rexx (text/plain) in CBT.V505.FILE253.PDS, moved to PDS/SYSUTIL
2023-08-06 02:30:34.367168 - Found TESTF.txt (text/plain) in CBT.V505.FILE253.PDS, moved to PDS/TESTF
2023-08-06 02:30:34.368002 - Found TLL.rexx (text/plain) in CBT.V505.FILE253.PDS, moved to PDS/TLL
2023-08-06 02:30:34.368993 - Found TLMSDISP.rexx (text/plain) in CBT.V505.FILE253.PDS, moved to PDS/TLMSDISP
2023-08-06 02:30:34.369848 - Found TLMSMERG.rexx (text/plain) in CBT.V505.FILE253.PDS, moved to PDS/TLMSMERG
2023-08-06 02:30:34.370741 - Found TLMSMRGX.rexx (text/plain) in CBT.V505.FILE253.PDS, moved to PDS/TLMSMRGX
2023-08-06 02:30:34.371575 - Found TLMSX.txt (text/plain) in CBT.V505.FILE253.PDS, moved to PDS/TLMSX
2023-08-06 02:30:34.372507 - Found TLMSXOLD.rexx (text/plain) in CBT.V505.FILE253.PDS, moved to PDS/TLMSXOLD
2023-08-06 02:30:34.373318 - Found TMAN.txt (text/plain) in CBT.V505.FILE253.PDS, moved to PDS/TMAN
2023-08-06 02:30:34.374085 - Found TMANA.txt (text/plain) in CBT.V505.FILE253.PDS, moved to PDS/TMANA
2023-08-06 02:30:34.374844 - Found TMAND.txt (text/plain) in CBT.V505.FILE253.PDS, moved to PDS/TMAND
2023-08-06 02:30:34.375613 - Found TMANG.txt (text/plain) in CBT.V505.FILE253.PDS, moved to PDS/TMANG
2023-08-06 02:30:34.376385 - Found TMANH.txt (text/plain) in CBT.V505.FILE253.PDS, moved to PDS/TMANH
2023-08-06 02:30:34.377162 - Found TMANK.txt (text/plain) in CBT.V505.FILE253.PDS, moved to PDS/TMANK
2023-08-06 02:30:34.378039 - Found TMANL.txt (text/plain) in CBT.V505.FILE253.PDS, moved to PDS/TMANL
2023-08-06 02:30:34.378918 - Found TMANN.txt (text/plain) in CBT.V505.FILE253.PDS, moved to PDS/TMANN
2023-08-06 02:30:34.379745 - Found TMANO.txt (text/plain) in CBT.V505.FILE253.PDS, moved to PDS/TMANO
2023-08-06 02:30:34.380680 - Found TMANP.txt (text/plain) in CBT.V505.FILE253.PDS, moved to PDS/TMANP
2023-08-06 02:30:34.381618 - Found TMANQ.txt (text/plain) in CBT.V505.FILE253.PDS, moved to PDS/TMANQ
2023-08-06 02:30:34.382483 - Found TMANR.txt (text/plain) in CBT.V505.FILE253.PDS, moved to PDS/TMANR
2023-08-06 02:30:34.383428 - Found TMANT.txt (text/plain) in CBT.V505.FILE253.PDS, moved to PDS/TMANT
2023-08-06 02:30:34.384311 - Found TMANX.txt (text/plain) in CBT.V505.FILE253.PDS, moved to PDS/TMANX
2023-08-06 02:30:34.385244 - Found TMANY.txt (text/plain) in CBT.V505.FILE253.PDS, moved to PDS/TMANY
2023-08-06 02:30:34.386140 - Found TMANZ.txt (text/plain) in CBT.V505.FILE253.PDS, moved to PDS/TMANZ
2023-08-06 02:30:34.387094 - Found TSODARUN.rexx (text/plain) in CBT.V505.FILE253.PDS, moved to PDS/TSODARUN
2023-08-06 02:30:34.388536 - Found USER.txt (text/plain) in CBT.V505.FILE253.PDS, moved to PDS/USER
2023-08-06 02:30:34.389712 - Found USERIP.txt (text/plain) in CBT.V505.FILE253.PDS, moved to PDS/USERIP
2023-08-06 02:30:34.390705 - Found VLFUP.rexx (text/plain) in CBT.V505.FILE253.PDS, moved to PDS/VLFUP
2023-08-06 02:30:34.391650 - Found VPSOPT02.txt (text/plain) in CBT.V505.FILE253.PDS, moved to PDS/VPSOPT02
2023-08-06 02:30:34.392578 - Found WEEKDAY.rexx (text/plain) in CBT.V505.FILE253.PDS, moved to PDS/WEEKDAY
2023-08-06 02:30:34.393881 - Found WEEKDUMP.rexx (text/plain) in CBT.V505.FILE253.PDS, moved to PDS/WEEKDUMP
2023-08-06 02:30:34.394927 - Found WEEKREST.rexx (text/plain) in CBT.V505.FILE253.PDS, moved to PDS/WEEKREST
2023-08-06 02:30:34.395969 - Found WOSEARCH.rexx (text/plain) in CBT.V505.FILE253.PDS, moved to PDS/WOSEARCH
2023-08-06 02:30:34.396887 - Found XDB2PROD.rexx (text/plain) in CBT.V505.FILE253.PDS, moved to PDS/XDB2PROD
2023-08-06 02:30:34.397794 - Found XDB2TEST.rexx (text/plain) in CBT.V505.FILE253.PDS, moved to PDS/XDB2TEST
2023-08-06 02:30:34.398793 - Found XDSL.rexx (text/plain) in CBT.V505.FILE253.PDS, moved to PDS/XDSL
2023-08-06 02:30:34.399883 - Found XLISTA.rexx (text/plain) in CBT.V505.FILE253.PDS, moved to PDS/XLISTA
2023-08-06 02:30:34.400931 - Found XREF.txt (text/plain) in CBT.V505.FILE253.PDS, moved to PDS/XREF
2023-08-06 02:30:34.401905 - Found XREFNEW.rexx (text/plain) in CBT.V505.FILE253.PDS, moved to PDS/XREFNEW
2023-08-06 02:30:34.402887 - Found XREFOLD.rexx (text/plain) in CBT.V505.FILE253.PDS, moved to PDS/XREFOLD
2023-08-06 02:30:34.403949 - Found ZEKESCAN.rexx (text/plain) in CBT.V505.FILE253.PDS, moved to PDS/ZEKESCAN
